<?xml version="1.0" encoding="UTF-8"?>
<!-- Generated by org.testng.reporters.JUnitXMLReporter -->
<testsuite ignored="0" hostname="Yogesh" failures="0" tests="14" name="Authentication Tests" time="108.488" errors="0" timestamp="2026-05-12T08:55:32 IST">
  <testcase classname="com.internetbot.tests.AuthenticationTest" name="verifyFormAuthenticationForValidAndInvalidCredentials" time="12.204"/>
  <testcase classname="com.internetbot.tests.AuthenticationTest" name="verifyFormAuthenticationForValidAndInvalidCredentials" time="13.724"/>
  <testcase classname="com.internetbot.tests.AuthenticationTest" name="verifyLoginButtonIsEnabled" time="5.34"/>
  <testcase classname="com.internetbot.tests.AuthenticationTest" name="verifyLoginButtonIsVisible" time="5.416"/>
  <testcase classname="com.internetbot.tests.AuthenticationTest" name="verifyLoginPageHeadingIsDisplayed" time="5.415"/>
  <testcase classname="com.internetbot.tests.AuthenticationTest" name="verifyLogoutRedirectsToLoginPage" time="11.336"/>
  <testcase classname="com.internetbot.tests.AuthenticationTest" name="verifyPasswordInputIsVisible" time="5.492"/>
  <testcase classname="com.internetbot.tests.AuthenticationTest" name="verifyPasswordInputUsesPasswordType" time="5.776"/>
  <testcase classname="com.internetbot.tests.AuthenticationTest" name="verifySuccessMessageAfterSuccessfulLogin" time="10.325"/>
  <testcase classname="com.internetbot.tests.AuthenticationTest" name="verifyUsernameInputIsVisible" time="5.374"/>
  <testcase classname="com.internetbot.tests.BasicAuthTest" name="verifyBasicAuthPageTitleIsTheInternet" time="4.105"/>
  <testcase classname="com.internetbot.tests.BasicAuthTest" name="verifyBasicAuthSuccessMessageIsVisible" time="3.852"/>
  <testcase classname="com.internetbot.tests.BasicAuthTest" name="verifyBasicAuthUrlContainsProtectedPath" time="4.134"/>
  <testcase classname="com.internetbot.tests.BasicAuthTest" name="verifyBasicAuthenticationSucceedsWithConfiguredCredentials" time="4.472"/>
</testsuite> <!-- Authentication Tests -->
