<?xml version="1.0" encoding="UTF-8"?>
<!-- Generated by org.testng.reporters.JUnitXMLReporter -->
<testsuite ignored="0" hostname="Yogesh" failures="0" tests="14" name="File And Dynamic Tests" time="106.911" errors="0" timestamp="2026-05-12T08:57:19 IST">
  <testcase classname="com.internetbot.tests.FileUploadTest" name="verifyFileInputIsVisible" time="4.986"/>
  <testcase classname="com.internetbot.tests.FileUploadTest" name="verifySupportedFileCanBeUploaded" time="6.72"/>
  <testcase classname="com.internetbot.tests.FileUploadTest" name="verifyUnsupportedFileTypeIsHandledGracefully" time="6.895"/>
  <testcase classname="com.internetbot.tests.FileUploadTest" name="verifyUploadButtonIsEnabled" time="3.996"/>
  <testcase classname="com.internetbot.tests.FileUploadTest" name="verifyUploadButtonIsVisible" time="5.061"/>
  <testcase classname="com.internetbot.tests.FileUploadTest" name="verifyUploadPageTitleAndFormAreVisibleBeforeInteraction" time="5.213"/>
  <testcase classname="com.internetbot.tests.FileUploadTest" name="verifyUploadSuccessHeadingAfterUpload" time="7.163"/>
  <testcase classname="com.internetbot.tests.DynamicLoadingTest" name="verifyDynamicElementAppearsAfterStart" time="10.65"/>
  <testcase classname="com.internetbot.tests.DynamicLoadingTest" name="verifyDynamicLoadingHeadingIsDisplayed" time="4.65"/>
  <testcase classname="com.internetbot.tests.DynamicLoadingTest" name="verifyStartButtonIsVisible" time="5.604"/>
  <testcase classname="com.internetbot.tests.DynamicLoadingTest" name="verifyStartButtonTextIsCorrect" time="7.264"/>
  <testcase classname="com.internetbot.tests.DisappearingElementsTest" name="verifyDisappearingElementReappearsOnRefresh" time="5.277"/>
  <testcase classname="com.internetbot.tests.BrokenImagesTest" name="verifyBrokenImagesCanBeDetected" time="5.184"/>
  <testcase classname="com.internetbot.tests.ScreenshotFailureTest" name="verifyLoginPageOpensForScreenshotDemo" time="5.043"/>
</testsuite> <!-- File And Dynamic Tests -->
