<?xml version="1.0" encoding="UTF-8"?>
<!-- Generated by org.testng.reporters.JUnitXMLReporter -->
<testsuite ignored="0" hostname="Yogesh" failures="0" tests="23" name="Interaction Tests" time="214.984" errors="0" timestamp="2026-05-12T08:57:18 IST">
  <testcase classname="com.internetbot.tests.JavaScriptAlertsTest" name="verifyAlertButtonIsVisible" time="7.299"/>
  <testcase classname="com.internetbot.tests.JavaScriptAlertsTest" name="verifyAlertPageHeadingIsDisplayed" time="5.299"/>
  <testcase classname="com.internetbot.tests.JavaScriptAlertsTest" name="verifyConfirmButtonIsVisible" time="5.069"/>
  <testcase classname="com.internetbot.tests.JavaScriptAlertsTest" name="verifyJavaScriptAlertCanBeAccepted" time="7.615"/>
  <testcase classname="com.internetbot.tests.JavaScriptAlertsTest" name="verifyJavaScriptConfirmCanBeAccepted" time="7.435"/>
  <testcase classname="com.internetbot.tests.JavaScriptAlertsTest" name="verifyJavaScriptConfirmCanBeDismissed" time="6.825"/>
  <testcase classname="com.internetbot.tests.JavaScriptAlertsTest" name="verifyJavaScriptPromptAcceptsEnteredText" time="8.019"/>
  <testcase classname="com.internetbot.tests.JavaScriptAlertsTest" name="verifyJavaScriptPromptCanBeDismissed" time="7.301"/>
  <testcase classname="com.internetbot.tests.JavaScriptAlertsTest" name="verifyPromptButtonIsVisible" time="4.78"/>
  <testcase classname="com.internetbot.tests.JavaScriptAlertsTest" name="verifyResultTextChangesWhenDifferentAlertTypesAreUsed" time="10.354"/>
  <testcase classname="com.internetbot.tests.CheckboxTest" name="verifyBothCheckboxesCanBeSelectedTogether" time="6.342"/>
  <testcase classname="com.internetbot.tests.CheckboxTest" name="verifyCheckboxPageShowsTwoCheckboxes" time="5.005"/>
  <testcase classname="com.internetbot.tests.CheckboxTest" name="verifyFirstCheckboxCanBeCheckedAndUnchecked" time="8.389"/>
  <testcase classname="com.internetbot.tests.CheckboxTest" name="verifyFirstCheckboxDefaultUnchecked" time="4.155"/>
  <testcase classname="com.internetbot.tests.CheckboxTest" name="verifySecondCheckboxDefaultChecked" time="3.959"/>
  <testcase classname="com.internetbot.tests.CheckboxTest" name="verifySecondCheckboxStateCanBeToggledAndReverified" time="7.891"/>
  <testcase classname="com.internetbot.tests.DropdownTest" name="verifyDefaultDropdownOptionIsSelected" time="5.032"/>
  <testcase classname="com.internetbot.tests.DropdownTest" name="verifyDropdownIsVisible" time="5.18"/>
  <testcase classname="com.internetbot.tests.DropdownTest" name="verifyDropdownLabelsContainExpectedOptions" time="5.136"/>
  <testcase classname="com.internetbot.tests.DropdownTest" name="verifyDropdownShowsCorrectNumberOfOptions" time="5.126"/>
  <testcase classname="com.internetbot.tests.DropdownTest" name="verifyEachDropdownOptionCanBeSelected" time="7.31"/>
  <testcase classname="com.internetbot.tests.HoverTest" name="verifyHoverDisplaysProfileName" time="31.575">
    <skipped/>
  </testcase> <!-- verifyHoverDisplaysProfileName -->
  <testcase classname="com.internetbot.tests.HoverTest" name="verifyHoverDisplaysProfileName" time="6.03"/>
</testsuite> <!-- Interaction Tests -->
