<?xml version="1.0" encoding="UTF-8"?>
<!-- Generated by org.testng.reporters.JUnitReportReporter -->
<testsuite hostname="Yogesh" failures="0" tests="2" name="com.internetbot.tests.HoverTest" time="39.984" errors="0" timestamp="2026-05-12T08:57:20 IST" skipped="1">
  <testcase classname="com.internetbot.tests.HoverTest" name="verifyHoverDisplaysProfileName" time="7.100"/>
  <testcase classname="com.internetbot.tests.HoverTest" name="verifyHoverDisplaysProfileName" time="32.884">
    <skipped/>
  </testcase> <!-- verifyHoverDisplaysProfileName -->
</testsuite> <!-- com.internetbot.tests.HoverTest -->
