<?xml version="1.0" encoding="UTF-8"?>
<!-- Generated by org.testng.reporters.JUnitReportReporter -->
<testsuite hostname="Yogesh" failures="0" tests="6" name="com.internetbot.tests.CheckboxTest" time="46.311" errors="0" timestamp="2026-05-12T08:57:20 IST" skipped="0">
  <testcase classname="com.internetbot.tests.CheckboxTest" name="verifyFirstCheckboxDefaultUnchecked" time="6.227"/>
  <testcase classname="com.internetbot.tests.CheckboxTest" name="verifyFirstCheckboxCanBeCheckedAndUnchecked" time="10.061"/>
  <testcase classname="com.internetbot.tests.CheckboxTest" name="verifyCheckboxPageShowsTwoCheckboxes" time="7.375"/>
  <testcase classname="com.internetbot.tests.CheckboxTest" name="verifySecondCheckboxStateCanBeToggledAndReverified" time="9.594"/>
  <testcase classname="com.internetbot.tests.CheckboxTest" name="verifySecondCheckboxDefaultChecked" time="5.267"/>
  <testcase classname="com.internetbot.tests.CheckboxTest" name="verifyBothCheckboxesCanBeSelectedTogether" time="7.787"/>
</testsuite> <!-- com.internetbot.tests.CheckboxTest -->
