<?xml version="1.0" encoding="UTF-8"?>
<!-- Generated by org.testng.reporters.JUnitReportReporter -->
<testsuite hostname="Yogesh" failures="0" tests="5" name="com.internetbot.tests.DropdownTest" time="36.111" errors="0" timestamp="2026-05-12T08:57:20 IST" skipped="0">
  <testcase classname="com.internetbot.tests.DropdownTest" name="verifyDropdownIsVisible" time="6.422"/>
  <testcase classname="com.internetbot.tests.DropdownTest" name="verifyEachDropdownOptionCanBeSelected" time="9.080"/>
  <testcase classname="com.internetbot.tests.DropdownTest" name="verifyDefaultDropdownOptionIsSelected" time="6.657"/>
  <testcase classname="com.internetbot.tests.DropdownTest" name="verifyDropdownShowsCorrectNumberOfOptions" time="7.553"/>
  <testcase classname="com.internetbot.tests.DropdownTest" name="verifyDropdownLabelsContainExpectedOptions" time="6.399"/>
</testsuite> <!-- com.internetbot.tests.DropdownTest -->
