<?xml version="1.0" encoding="UTF-8"?>
<!-- Generated by org.testng.reporters.JUnitReportReporter -->
<testsuite hostname="Yogesh" failures="0" tests="10" name="com.internetbot.tests.AuthenticationTest" time="103.431" errors="0" timestamp="2026-05-12T08:57:20 IST" skipped="0">
  <testcase classname="com.internetbot.tests.AuthenticationTest" name="verifyLogoutRedirectsToLoginPage" time="15.256"/>
  <testcase classname="com.internetbot.tests.AuthenticationTest" name="verifyFormAuthenticationForValidAndInvalidCredentials" time="15.548"/>
  <testcase classname="com.internetbot.tests.AuthenticationTest" name="verifyLoginPageHeadingIsDisplayed" time="7.867"/>
  <testcase classname="com.internetbot.tests.AuthenticationTest" name="verifySuccessMessageAfterSuccessfulLogin" time="11.647"/>
  <testcase classname="com.internetbot.tests.AuthenticationTest" name="verifyPasswordInputIsVisible" time="9.209"/>
  <testcase classname="com.internetbot.tests.AuthenticationTest" name="verifyPasswordInputUsesPasswordType" time="7.758"/>
  <testcase classname="com.internetbot.tests.AuthenticationTest" name="verifyUsernameInputIsVisible" time="9.795"/>
  <testcase classname="com.internetbot.tests.AuthenticationTest" name="verifyLoginButtonIsVisible" time="6.584"/>
  <testcase classname="com.internetbot.tests.AuthenticationTest" name="verifyLoginButtonIsEnabled" time="6.488"/>
  <testcase classname="com.internetbot.tests.AuthenticationTest" name="verifyFormAuthenticationForValidAndInvalidCredentials" time="13.279"/>
</testsuite> <!-- com.internetbot.tests.AuthenticationTest -->
