<?xml version="1.0" encoding="UTF-8"?>
<!-- Generated by org.testng.reporters.JUnitReportReporter -->
<testsuite hostname="Yogesh" failures="0" tests="4" name="com.internetbot.tests.BasicAuthTest" time="23.424" errors="0" timestamp="2026-05-12T08:57:20 IST" skipped="0">
  <testcase classname="com.internetbot.tests.BasicAuthTest" name="verifyBasicAuthUrlContainsProtectedPath" time="6.183"/>
  <testcase classname="com.internetbot.tests.BasicAuthTest" name="verifyBasicAuthenticationSucceedsWithConfiguredCredentials" time="6.935"/>
  <testcase classname="com.internetbot.tests.BasicAuthTest" name="verifyBasicAuthPageTitleIsTheInternet" time="5.230"/>
  <testcase classname="com.internetbot.tests.BasicAuthTest" name="verifyBasicAuthSuccessMessageIsVisible" time="5.076"/>
</testsuite> <!-- com.internetbot.tests.BasicAuthTest -->
