<?xml version="1.0" encoding="UTF-8"?>
<!-- Generated by org.testng.reporters.JUnitReportReporter -->
<testsuite hostname="Yogesh" failures="0" tests="10" name="com.internetbot.tests.JavaScriptAlertsTest" time="92.420" errors="0" timestamp="2026-05-12T08:57:20 IST" skipped="0">
  <testcase classname="com.internetbot.tests.JavaScriptAlertsTest" name="verifyJavaScriptConfirmCanBeDismissed" time="10.641"/>
  <testcase classname="com.internetbot.tests.JavaScriptAlertsTest" name="verifyConfirmButtonIsVisible" time="7.850"/>
  <testcase classname="com.internetbot.tests.JavaScriptAlertsTest" name="verifyJavaScriptPromptAcceptsEnteredText" time="10.009"/>
  <testcase classname="com.internetbot.tests.JavaScriptAlertsTest" name="verifyJavaScriptPromptCanBeDismissed" time="9.475"/>
  <testcase classname="com.internetbot.tests.JavaScriptAlertsTest" name="verifyAlertPageHeadingIsDisplayed" time="7.635"/>
  <testcase classname="com.internetbot.tests.JavaScriptAlertsTest" name="verifyPromptButtonIsVisible" time="5.932"/>
  <testcase classname="com.internetbot.tests.JavaScriptAlertsTest" name="verifyJavaScriptConfirmCanBeAccepted" time="11.060"/>
  <testcase classname="com.internetbot.tests.JavaScriptAlertsTest" name="verifyAlertButtonIsVisible" time="8.884"/>
  <testcase classname="com.internetbot.tests.JavaScriptAlertsTest" name="verifyResultTextChangesWhenDifferentAlertTypesAreUsed" time="11.346"/>
  <testcase classname="com.internetbot.tests.JavaScriptAlertsTest" name="verifyJavaScriptAlertCanBeAccepted" time="9.588"/>
</testsuite> <!-- com.internetbot.tests.JavaScriptAlertsTest -->
