<?xml version="1.0" encoding="UTF-8"?>
<!-- Generated by org.testng.reporters.JUnitReportReporter -->
<testsuite hostname="Yogesh" failures="0" tests="7" name="com.internetbot.tests.FileUploadTest" time="53.701" errors="0" timestamp="2026-05-12T08:57:20 IST" skipped="0">
  <testcase classname="com.internetbot.tests.FileUploadTest" name="verifyUploadButtonIsEnabled" time="6.607"/>
  <testcase classname="com.internetbot.tests.FileUploadTest" name="verifyUploadPageTitleAndFormAreVisibleBeforeInteraction" time="7.671"/>
  <testcase classname="com.internetbot.tests.FileUploadTest" name="verifyFileInputIsVisible" time="6.996"/>
  <testcase classname="com.internetbot.tests.FileUploadTest" name="verifyUnsupportedFileTypeIsHandledGracefully" time="9.275"/>
  <testcase classname="com.internetbot.tests.FileUploadTest" name="verifyUploadButtonIsVisible" time="6.090"/>
  <testcase classname="com.internetbot.tests.FileUploadTest" name="verifySupportedFileCanBeUploaded" time="7.811"/>
  <testcase classname="com.internetbot.tests.FileUploadTest" name="verifyUploadSuccessHeadingAfterUpload" time="9.251"/>
</testsuite> <!-- com.internetbot.tests.FileUploadTest -->
