<?xml version="1.0" encoding="UTF-8"?>
<!-- Generated by org.testng.reporters.JUnitReportReporter -->
<testsuite hostname="Yogesh" failures="0" tests="4" name="com.internetbot.tests.DynamicLoadingTest" time="33.749" errors="0" timestamp="2026-05-12T08:57:20 IST" skipped="0">
  <testcase classname="com.internetbot.tests.DynamicLoadingTest" name="verifyStartButtonIsVisible" time="7.310"/>
  <testcase classname="com.internetbot.tests.DynamicLoadingTest" name="verifyDynamicElementAppearsAfterStart" time="11.848"/>
  <testcase classname="com.internetbot.tests.DynamicLoadingTest" name="verifyDynamicLoadingHeadingIsDisplayed" time="5.843"/>
  <testcase classname="com.internetbot.tests.DynamicLoadingTest" name="verifyStartButtonTextIsCorrect" time="8.748"/>
</testsuite> <!-- com.internetbot.tests.DynamicLoadingTest -->
